{"/Users/gisetavares/Documents/Meus_Estudos/Udemy-CompleteJuniorToSeniorWebDevelopment/Robofriends/robofriends-pwa/src/actions.js": {"path":"/Users/gisetavares/Documents/Meus_Estudos/Udemy-CompleteJuniorToSeniorWebDevelopment/Robofriends/robofriends-pwa/src/actions.js","statementMap":{"0":{"start":{"line":9,"column":30},"end":{"line":9,"column":85}},"1":{"start":{"line":9,"column":41},"end":{"line":9,"column":84}},"2":{"start":{"line":11,"column":29},"end":{"line":16,"column":1}},"3":{"start":{"line":12,"column":2},"end":{"line":12,"column":44}},"4":{"start":{"line":13,"column":2},"end":{"line":15,"column":78}},"5":{"start":{"line":14,"column":18},"end":{"line":14,"column":75}},"6":{"start":{"line":15,"column":20},"end":{"line":15,"column":77}}},"fnMap":{"0":{"name":"(anonymous_0)","decl":{"start":{"line":9,"column":30},"end":{"line":9,"column":31}},"loc":{"start":{"line":9,"column":41},"end":{"line":9,"column":84}},"line":9},"1":{"name":"(anonymous_1)","decl":{"start":{"line":11,"column":29},"end":{"line":11,"column":30}},"loc":{"start":{"line":11,"column":43},"end":{"line":16,"column":1}},"line":11},"2":{"name":"(anonymous_2)","decl":{"start":{"line":14,"column":10},"end":{"line":14,"column":11}},"loc":{"start":{"line":14,"column":18},"end":{"line":14,"column":75}},"line":14},"3":{"name":"(anonymous_3)","decl":{"start":{"line":15,"column":11},"end":{"line":15,"column":12}},"loc":{"start":{"line":15,"column":20},"end":{"line":15,"column":77}},"line":15}},"branchMap":{},"s":{"0":0,"1":0,"2":0,"3":0,"4":0,"5":0,"6":0},"f":{"0":0,"1":0,"2":0,"3":0},"b":{},"hash":"cbb47e5f6468636b742a4164fcee389f2e28ddfe"}
,"/Users/gisetavares/Documents/Meus_Estudos/Udemy-CompleteJuniorToSeniorWebDevelopment/Robofriends/robofriends-pwa/src/constants.js": {"path":"/Users/gisetavares/Documents/Meus_Estudos/Udemy-CompleteJuniorToSeniorWebDevelopment/Robofriends/robofriends-pwa/src/constants.js","statementMap":{"0":{"start":{"line":1,"column":34},"end":{"line":1,"column":54}},"1":{"start":{"line":3,"column":38},"end":{"line":3,"column":62}},"2":{"start":{"line":4,"column":38},"end":{"line":4,"column":62}},"3":{"start":{"line":5,"column":37},"end":{"line":5,"column":60}}},"fnMap":{},"branchMap":{},"s":{"0":0,"1":0,"2":0,"3":0},"f":{},"b":{},"hash":"77b48f6299249a0e7722d98b9462f8202915bba9"}
,"/Users/gisetavares/Documents/Meus_Estudos/Udemy-CompleteJuniorToSeniorWebDevelopment/Robofriends/robofriends-pwa/src/index.js": {"path":"/Users/gisetavares/Documents/Meus_Estudos/Udemy-CompleteJuniorToSeniorWebDevelopment/Robofriends/robofriends-pwa/src/index.js","statementMap":{"0":{"start":{"line":15,"column":15},"end":{"line":15,"column":29}},"1":{"start":{"line":17,"column":21},"end":{"line":17,"column":67}},"2":{"start":{"line":19,"column":14},"end":{"line":19,"column":81}},"3":{"start":{"line":21,"column":0},"end":{"line":26,"column":2}},"4":{"start":{"line":27,"column":0},"end":{"line":27,"column":24}}},"fnMap":{},"branchMap":{},"s":{"0":0,"1":0,"2":0,"3":0,"4":0},"f":{},"b":{},"hash":"b4d7992e58616130e6d03089d87698aff4580a85"}
,"/Users/gisetavares/Documents/Meus_Estudos/Udemy-CompleteJuniorToSeniorWebDevelopment/Robofriends/robofriends-pwa/src/reducers.js": {"path":"/Users/gisetavares/Documents/Meus_Estudos/Udemy-CompleteJuniorToSeniorWebDevelopment/Robofriends/robofriends-pwa/src/reducers.js","statementMap":{"0":{"start":{"line":8,"column":27},"end":{"line":10,"column":1}},"1":{"start":{"line":12,"column":28},"end":{"line":19,"column":1}},"2":{"start":{"line":13,"column":2},"end":{"line":18,"column":3}},"3":{"start":{"line":15,"column":6},"end":{"line":15,"column":68}},"4":{"start":{"line":17,"column":6},"end":{"line":17,"column":18}},"5":{"start":{"line":21,"column":27},"end":{"line":24,"column":1}},"6":{"start":{"line":26,"column":29},"end":{"line":37,"column":1}},"7":{"start":{"line":27,"column":2},"end":{"line":36,"column":3}},"8":{"start":{"line":29,"column":6},"end":{"line":29,"column":56}},"9":{"start":{"line":31,"column":6},"end":{"line":31,"column":81}},"10":{"start":{"line":33,"column":6},"end":{"line":33,"column":62}},"11":{"start":{"line":35,"column":6},"end":{"line":35,"column":18}}},"fnMap":{"0":{"name":"(anonymous_0)","decl":{"start":{"line":12,"column":28},"end":{"line":12,"column":29}},"loc":{"start":{"line":12,"column":69},"end":{"line":19,"column":1}},"line":12},"1":{"name":"(anonymous_1)","decl":{"start":{"line":26,"column":29},"end":{"line":26,"column":30}},"loc":{"start":{"line":26,"column":70},"end":{"line":37,"column":1}},"line":26}},"branchMap":{"0":{"loc":{"start":{"line":12,"column":29},"end":{"line":12,"column":53}},"type":"default-arg","locations":[{"start":{"line":12,"column":35},"end":{"line":12,"column":53}}],"line":12},"1":{"loc":{"start":{"line":12,"column":55},"end":{"line":12,"column":64}},"type":"default-arg","locations":[{"start":{"line":12,"column":62},"end":{"line":12,"column":64}}],"line":12},"2":{"loc":{"start":{"line":13,"column":2},"end":{"line":18,"column":3}},"type":"switch","locations":[{"start":{"line":14,"column":4},"end":{"line":15,"column":68}},{"start":{"line":16,"column":4},"end":{"line":17,"column":18}}],"line":13},"3":{"loc":{"start":{"line":26,"column":30},"end":{"line":26,"column":54}},"type":"default-arg","locations":[{"start":{"line":26,"column":36},"end":{"line":26,"column":54}}],"line":26},"4":{"loc":{"start":{"line":26,"column":56},"end":{"line":26,"column":65}},"type":"default-arg","locations":[{"start":{"line":26,"column":63},"end":{"line":26,"column":65}}],"line":26},"5":{"loc":{"start":{"line":27,"column":2},"end":{"line":36,"column":3}},"type":"switch","locations":[{"start":{"line":28,"column":4},"end":{"line":29,"column":56}},{"start":{"line":30,"column":4},"end":{"line":31,"column":81}},{"start":{"line":32,"column":4},"end":{"line":33,"column":62}},{"start":{"line":34,"column":4},"end":{"line":35,"column":18}}],"line":27}},"s":{"0":0,"1":0,"2":0,"3":0,"4":0,"5":0,"6":0,"7":0,"8":0,"9":0,"10":0,"11":0},"f":{"0":0,"1":0},"b":{"0":[0],"1":[0],"2":[0,0],"3":[0],"4":[0],"5":[0,0,0,0]},"hash":"dfae75e404f83d7d1fadad398d41875bdf3d1158"}
,"/Users/gisetavares/Documents/Meus_Estudos/Udemy-CompleteJuniorToSeniorWebDevelopment/Robofriends/robofriends-pwa/src/registerServiceWorker.js": {"path":"/Users/gisetavares/Documents/Meus_Estudos/Udemy-CompleteJuniorToSeniorWebDevelopment/Robofriends/robofriends-pwa/src/registerServiceWorker.js","statementMap":{"0":{"start":{"line":11,"column":20},"end":{"line":19,"column":1}},"1":{"start":{"line":22,"column":2},"end":{"line":43,"column":3}},"2":{"start":{"line":24,"column":22},"end":{"line":24,"column":70}},"3":{"start":{"line":25,"column":4},"end":{"line":30,"column":5}},"4":{"start":{"line":29,"column":6},"end":{"line":29,"column":13}},"5":{"start":{"line":32,"column":4},"end":{"line":42,"column":7}},"6":{"start":{"line":33,"column":20},"end":{"line":33,"column":65}},"7":{"start":{"line":35,"column":6},"end":{"line":41,"column":7}},"8":{"start":{"line":37,"column":8},"end":{"line":37,"column":39}},"9":{"start":{"line":40,"column":8},"end":{"line":40,"column":31}},"10":{"start":{"line":47,"column":2},"end":{"line":72,"column":7}},"11":{"start":{"line":50,"column":6},"end":{"line":68,"column":8}},"12":{"start":{"line":51,"column":33},"end":{"line":51,"column":56}},"13":{"start":{"line":52,"column":8},"end":{"line":67,"column":10}},"14":{"start":{"line":53,"column":10},"end":{"line":66,"column":11}},"15":{"start":{"line":54,"column":12},"end":{"line":65,"column":13}},"16":{"start":{"line":59,"column":14},"end":{"line":59,"column":71}},"17":{"start":{"line":64,"column":14},"end":{"line":64,"column":64}},"18":{"start":{"line":71,"column":6},"end":{"line":71,"column":72}},"19":{"start":{"line":77,"column":2},"end":{"line":99,"column":7}},"20":{"start":{"line":80,"column":6},"end":{"line":93,"column":7}},"21":{"start":{"line":85,"column":8},"end":{"line":89,"column":11}},"22":{"start":{"line":86,"column":10},"end":{"line":88,"column":13}},"23":{"start":{"line":87,"column":12},"end":{"line":87,"column":37}},"24":{"start":{"line":92,"column":8},"end":{"line":92,"column":31}},"25":{"start":{"line":96,"column":6},"end":{"line":98,"column":8}},"26":{"start":{"line":103,"column":2},"end":{"line":107,"column":3}},"27":{"start":{"line":104,"column":4},"end":{"line":106,"column":7}},"28":{"start":{"line":105,"column":6},"end":{"line":105,"column":32}}},"fnMap":{"0":{"name":"register","decl":{"start":{"line":21,"column":24},"end":{"line":21,"column":32}},"loc":{"start":{"line":21,"column":35},"end":{"line":44,"column":1}},"line":21},"1":{"name":"(anonymous_1)","decl":{"start":{"line":32,"column":36},"end":{"line":32,"column":37}},"loc":{"start":{"line":32,"column":42},"end":{"line":42,"column":5}},"line":32},"2":{"name":"registerValidSW","decl":{"start":{"line":46,"column":9},"end":{"line":46,"column":24}},"loc":{"start":{"line":46,"column":32},"end":{"line":73,"column":1}},"line":46},"3":{"name":"(anonymous_3)","decl":{"start":{"line":49,"column":10},"end":{"line":49,"column":11}},"loc":{"start":{"line":49,"column":26},"end":{"line":69,"column":5}},"line":49},"4":{"name":"(anonymous_4)","decl":{"start":{"line":50,"column":35},"end":{"line":50,"column":36}},"loc":{"start":{"line":50,"column":41},"end":{"line":68,"column":7}},"line":50},"5":{"name":"(anonymous_5)","decl":{"start":{"line":52,"column":41},"end":{"line":52,"column":42}},"loc":{"start":{"line":52,"column":47},"end":{"line":67,"column":9}},"line":52},"6":{"name":"(anonymous_6)","decl":{"start":{"line":70,"column":11},"end":{"line":70,"column":12}},"loc":{"start":{"line":70,"column":20},"end":{"line":72,"column":5}},"line":70},"7":{"name":"checkValidServiceWorker","decl":{"start":{"line":75,"column":9},"end":{"line":75,"column":32}},"loc":{"start":{"line":75,"column":40},"end":{"line":100,"column":1}},"line":75},"8":{"name":"(anonymous_8)","decl":{"start":{"line":78,"column":10},"end":{"line":78,"column":11}},"loc":{"start":{"line":78,"column":22},"end":{"line":94,"column":5}},"line":78},"9":{"name":"(anonymous_9)","decl":{"start":{"line":85,"column":43},"end":{"line":85,"column":44}},"loc":{"start":{"line":85,"column":59},"end":{"line":89,"column":9}},"line":85},"10":{"name":"(anonymous_10)","decl":{"start":{"line":86,"column":41},"end":{"line":86,"column":42}},"loc":{"start":{"line":86,"column":47},"end":{"line":88,"column":11}},"line":86},"11":{"name":"(anonymous_11)","decl":{"start":{"line":95,"column":11},"end":{"line":95,"column":12}},"loc":{"start":{"line":95,"column":17},"end":{"line":99,"column":5}},"line":95},"12":{"name":"unregister","decl":{"start":{"line":102,"column":16},"end":{"line":102,"column":26}},"loc":{"start":{"line":102,"column":29},"end":{"line":108,"column":1}},"line":102},"13":{"name":"(anonymous_13)","decl":{"start":{"line":104,"column":39},"end":{"line":104,"column":40}},"loc":{"start":{"line":104,"column":55},"end":{"line":106,"column":5}},"line":104}},"branchMap":{"0":{"loc":{"start":{"line":12,"column":2},"end":{"line":18,"column":5}},"type":"binary-expr","locations":[{"start":{"line":12,"column":2},"end":{"line":12,"column":42}},{"start":{"line":14,"column":4},"end":{"line":14,"column":40}},{"start":{"line":16,"column":4},"end":{"line":18,"column":5}}],"line":12},"1":{"loc":{"start":{"line":22,"column":2},"end":{"line":43,"column":3}},"type":"if","locations":[{"start":{"line":22,"column":2},"end":{"line":43,"column":3}},{"start":{"line":22,"column":2},"end":{"line":43,"column":3}}],"line":22},"2":{"loc":{"start":{"line":22,"column":6},"end":{"line":22,"column":75}},"type":"binary-expr","locations":[{"start":{"line":22,"column":6},"end":{"line":22,"column":43}},{"start":{"line":22,"column":47},"end":{"line":22,"column":75}}],"line":22},"3":{"loc":{"start":{"line":25,"column":4},"end":{"line":30,"column":5}},"type":"if","locations":[{"start":{"line":25,"column":4},"end":{"line":30,"column":5}},{"start":{"line":25,"column":4},"end":{"line":30,"column":5}}],"line":25},"4":{"loc":{"start":{"line":35,"column":6},"end":{"line":41,"column":7}},"type":"if","locations":[{"start":{"line":35,"column":6},"end":{"line":41,"column":7}},{"start":{"line":35,"column":6},"end":{"line":41,"column":7}}],"line":35},"5":{"loc":{"start":{"line":53,"column":10},"end":{"line":66,"column":11}},"type":"if","locations":[{"start":{"line":53,"column":10},"end":{"line":66,"column":11}},{"start":{"line":53,"column":10},"end":{"line":66,"column":11}}],"line":53},"6":{"loc":{"start":{"line":54,"column":12},"end":{"line":65,"column":13}},"type":"if","locations":[{"start":{"line":54,"column":12},"end":{"line":65,"column":13}},{"start":{"line":54,"column":12},"end":{"line":65,"column":13}}],"line":54},"7":{"loc":{"start":{"line":80,"column":6},"end":{"line":93,"column":7}},"type":"if","locations":[{"start":{"line":80,"column":6},"end":{"line":93,"column":7}},{"start":{"line":80,"column":6},"end":{"line":93,"column":7}}],"line":80},"8":{"loc":{"start":{"line":81,"column":8},"end":{"line":82,"column":73}},"type":"binary-expr","locations":[{"start":{"line":81,"column":8},"end":{"line":81,"column":31}},{"start":{"line":82,"column":8},"end":{"line":82,"column":73}}],"line":81},"9":{"loc":{"start":{"line":103,"column":2},"end":{"line":107,"column":3}},"type":"if","locations":[{"start":{"line":103,"column":2},"end":{"line":107,"column":3}},{"start":{"line":103,"column":2},"end":{"line":107,"column":3}}],"line":103}},"s":{"0":0,"1":0,"2":0,"3":0,"4":0,"5":0,"6":0,"7":0,"8":0,"9":0,"10":0,"11":0,"12":0,"13":0,"14":0,"15":0,"16":0,"17":0,"18":0,"19":0,"20":0,"21":0,"22":0,"23":0,"24":0,"25":0,"26":0,"27":0,"28":0},"f":{"0":0,"1":0,"2":0,"3":0,"4":0,"5":0,"6":0,"7":0,"8":0,"9":0,"10":0,"11":0,"12":0,"13":0},"b":{"0":[0,0,0],"1":[0,0],"2":[0,0],"3":[0,0],"4":[0,0],"5":[0,0],"6":[0,0],"7":[0,0],"8":[0,0],"9":[0,0]},"hash":"429838620e1fd0be1b93c1ec6245f1268be29c7f"}
,"/Users/gisetavares/Documents/Meus_Estudos/Udemy-CompleteJuniorToSeniorWebDevelopment/Robofriends/robofriends-pwa/src/api/api.js": {"path":"/Users/gisetavares/Documents/Meus_Estudos/Udemy-CompleteJuniorToSeniorWebDevelopment/Robofriends/robofriends-pwa/src/api/api.js","statementMap":{"0":{"start":{"line":1,"column":23},"end":{"line":2,"column":47}},"1":{"start":{"line":2,"column":2},"end":{"line":2,"column":47}},"2":{"start":{"line":2,"column":31},"end":{"line":2,"column":46}}},"fnMap":{"0":{"name":"(anonymous_0)","decl":{"start":{"line":1,"column":23},"end":{"line":1,"column":24}},"loc":{"start":{"line":2,"column":2},"end":{"line":2,"column":47}},"line":2},"1":{"name":"(anonymous_1)","decl":{"start":{"line":2,"column":19},"end":{"line":2,"column":20}},"loc":{"start":{"line":2,"column":31},"end":{"line":2,"column":46}},"line":2}},"branchMap":{},"s":{"0":0,"1":0,"2":0},"f":{"0":0,"1":0},"b":{},"hash":"3f616432c41103641a1a5205b897590de5023278"}
,"/Users/gisetavares/Documents/Meus_Estudos/Udemy-CompleteJuniorToSeniorWebDevelopment/Robofriends/robofriends-pwa/src/components/Card.js": {"path":"/Users/gisetavares/Documents/Meus_Estudos/Udemy-CompleteJuniorToSeniorWebDevelopment/Robofriends/robofriends-pwa/src/components/Card.js","statementMap":{"0":{"start":{"line":3,"column":13},"end":{"line":13,"column":1}},"1":{"start":{"line":4,"column":4},"end":{"line":12,"column":5}}},"fnMap":{"0":{"name":"(anonymous_0)","decl":{"start":{"line":3,"column":13},"end":{"line":3,"column":14}},"loc":{"start":{"line":3,"column":38},"end":{"line":13,"column":1}},"line":3}},"branchMap":{},"s":{"0":1,"1":1},"f":{"0":1},"b":{},"_coverageSchema":"43e27e138ebf9cfc5966b082cf9a028302ed4184","hash":"73c09610826666cc12e66ca60446bf64e47a1a26"}
,"/Users/gisetavares/Documents/Meus_Estudos/Udemy-CompleteJuniorToSeniorWebDevelopment/Robofriends/robofriends-pwa/src/components/CardList.js": {"path":"/Users/gisetavares/Documents/Meus_Estudos/Udemy-CompleteJuniorToSeniorWebDevelopment/Robofriends/robofriends-pwa/src/components/CardList.js","statementMap":{"0":{"start":{"line":4,"column":17},"end":{"line":22,"column":1}},"1":{"start":{"line":5,"column":2},"end":{"line":5,"column":26}},"2":{"start":{"line":6,"column":2},"end":{"line":21,"column":4}},"3":{"start":{"line":10,"column":10},"end":{"line":17,"column":12}}},"fnMap":{"0":{"name":"(anonymous_0)","decl":{"start":{"line":4,"column":17},"end":{"line":4,"column":18}},"loc":{"start":{"line":4,"column":33},"end":{"line":22,"column":1}},"line":4},"1":{"name":"(anonymous_1)","decl":{"start":{"line":9,"column":19},"end":{"line":9,"column":20}},"loc":{"start":{"line":9,"column":32},"end":{"line":18,"column":9}},"line":9}},"branchMap":{},"s":{"0":0,"1":0,"2":0,"3":0},"f":{"0":0,"1":0},"b":{},"hash":"59dd02166074b246c37d480669072f930636e164"}
,"/Users/gisetavares/Documents/Meus_Estudos/Udemy-CompleteJuniorToSeniorWebDevelopment/Robofriends/robofriends-pwa/src/components/CounterButton.js": {"path":"/Users/gisetavares/Documents/Meus_Estudos/Udemy-CompleteJuniorToSeniorWebDevelopment/Robofriends/robofriends-pwa/src/components/CounterButton.js","statementMap":{"0":{"start":{"line":5,"column":4},"end":{"line":5,"column":17}},"1":{"start":{"line":6,"column":4},"end":{"line":6,"column":28}},"2":{"start":{"line":10,"column":4},"end":{"line":12,"column":5}},"3":{"start":{"line":11,"column":6},"end":{"line":11,"column":18}},"4":{"start":{"line":13,"column":4},"end":{"line":13,"column":17}},"5":{"start":{"line":17,"column":4},"end":{"line":17,"column":27}},"6":{"start":{"line":18,"column":4},"end":{"line":24,"column":6}},"7":{"start":{"line":21,"column":23},"end":{"line":21,"column":73}},"8":{"start":{"line":21,"column":47},"end":{"line":21,"column":71}}},"fnMap":{"0":{"name":"(anonymous_0)","decl":{"start":{"line":4,"column":2},"end":{"line":4,"column":3}},"loc":{"start":{"line":4,"column":21},"end":{"line":7,"column":3}},"line":4},"1":{"name":"(anonymous_1)","decl":{"start":{"line":9,"column":2},"end":{"line":9,"column":3}},"loc":{"start":{"line":9,"column":46},"end":{"line":14,"column":3}},"line":9},"2":{"name":"(anonymous_2)","decl":{"start":{"line":16,"column":2},"end":{"line":16,"column":3}},"loc":{"start":{"line":16,"column":11},"end":{"line":25,"column":3}},"line":16},"3":{"name":"(anonymous_3)","decl":{"start":{"line":21,"column":17},"end":{"line":21,"column":18}},"loc":{"start":{"line":21,"column":23},"end":{"line":21,"column":73}},"line":21},"4":{"name":"(anonymous_4)","decl":{"start":{"line":21,"column":37},"end":{"line":21,"column":38}},"loc":{"start":{"line":21,"column":47},"end":{"line":21,"column":71}},"line":21}},"branchMap":{"0":{"loc":{"start":{"line":10,"column":4},"end":{"line":12,"column":5}},"type":"if","locations":[{"start":{"line":10,"column":4},"end":{"line":12,"column":5}},{"start":{"line":10,"column":4},"end":{"line":12,"column":5}}],"line":10}},"s":{"0":0,"1":0,"2":0,"3":0,"4":0,"5":0,"6":0,"7":0,"8":0},"f":{"0":0,"1":0,"2":0,"3":0,"4":0},"b":{"0":[0,0]},"hash":"9e41c323236b61ddf670da725d49c86bada03edb"}
,"/Users/gisetavares/Documents/Meus_Estudos/Udemy-CompleteJuniorToSeniorWebDevelopment/Robofriends/robofriends-pwa/src/components/ErrorBoundry.js": {"path":"/Users/gisetavares/Documents/Meus_Estudos/Udemy-CompleteJuniorToSeniorWebDevelopment/Robofriends/robofriends-pwa/src/components/ErrorBoundry.js","statementMap":{"0":{"start":{"line":5,"column":4},"end":{"line":5,"column":16}},"1":{"start":{"line":6,"column":4},"end":{"line":6,"column":36}},"2":{"start":{"line":10,"column":4},"end":{"line":10,"column":37}},"3":{"start":{"line":14,"column":4},"end":{"line":14,"column":33}},"4":{"start":{"line":15,"column":4},"end":{"line":17,"column":5}},"5":{"start":{"line":16,"column":6},"end":{"line":16,"column":43}},"6":{"start":{"line":18,"column":4},"end":{"line":18,"column":30}}},"fnMap":{"0":{"name":"(anonymous_0)","decl":{"start":{"line":4,"column":2},"end":{"line":4,"column":3}},"loc":{"start":{"line":4,"column":22},"end":{"line":7,"column":3}},"line":4},"1":{"name":"(anonymous_1)","decl":{"start":{"line":9,"column":2},"end":{"line":9,"column":3}},"loc":{"start":{"line":9,"column":34},"end":{"line":11,"column":3}},"line":9},"2":{"name":"(anonymous_2)","decl":{"start":{"line":13,"column":2},"end":{"line":13,"column":3}},"loc":{"start":{"line":13,"column":12},"end":{"line":19,"column":3}},"line":13}},"branchMap":{"0":{"loc":{"start":{"line":15,"column":4},"end":{"line":17,"column":5}},"type":"if","locations":[{"start":{"line":15,"column":4},"end":{"line":17,"column":5}},{"start":{"line":15,"column":4},"end":{"line":17,"column":5}}],"line":15}},"s":{"0":0,"1":0,"2":0,"3":0,"4":0,"5":0,"6":0},"f":{"0":0,"1":0,"2":0},"b":{"0":[0,0]},"hash":"37f936707d9ddaa800a7fb0e34e4879571e5f90d"}
,"/Users/gisetavares/Documents/Meus_Estudos/Udemy-CompleteJuniorToSeniorWebDevelopment/Robofriends/robofriends-pwa/src/components/Header.js": {"path":"/Users/gisetavares/Documents/Meus_Estudos/Udemy-CompleteJuniorToSeniorWebDevelopment/Robofriends/robofriends-pwa/src/components/Header.js","statementMap":{"0":{"start":{"line":11,"column":4},"end":{"line":11,"column":16}},"1":{"start":{"line":14,"column":4},"end":{"line":14,"column":25}},"2":{"start":{"line":15,"column":4},"end":{"line":20,"column":6}}},"fnMap":{"0":{"name":"(anonymous_0)","decl":{"start":{"line":10,"column":2},"end":{"line":10,"column":3}},"loc":{"start":{"line":10,"column":46},"end":{"line":12,"column":3}},"line":10},"1":{"name":"(anonymous_1)","decl":{"start":{"line":13,"column":2},"end":{"line":13,"column":3}},"loc":{"start":{"line":13,"column":11},"end":{"line":21,"column":3}},"line":13}},"branchMap":{},"s":{"0":0,"1":0,"2":0},"f":{"0":0,"1":0},"b":{},"hash":"996743d606d2df7609a2ab8ee23aa076b29e3059"}
,"/Users/gisetavares/Documents/Meus_Estudos/Udemy-CompleteJuniorToSeniorWebDevelopment/Robofriends/robofriends-pwa/src/components/Scroll.js": {"path":"/Users/gisetavares/Documents/Meus_Estudos/Udemy-CompleteJuniorToSeniorWebDevelopment/Robofriends/robofriends-pwa/src/components/Scroll.js","statementMap":{"0":{"start":{"line":3,"column":15},"end":{"line":10,"column":1}},"1":{"start":{"line":4,"column":2},"end":{"line":4,"column":24}},"2":{"start":{"line":5,"column":2},"end":{"line":9,"column":4}}},"fnMap":{"0":{"name":"(anonymous_0)","decl":{"start":{"line":3,"column":15},"end":{"line":3,"column":16}},"loc":{"start":{"line":3,"column":26},"end":{"line":10,"column":1}},"line":3}},"branchMap":{},"s":{"0":0,"1":0,"2":0},"f":{"0":0},"b":{},"hash":"4dfd51d26ebad921d1c915956d53701d9cb8fb12"}
,"/Users/gisetavares/Documents/Meus_Estudos/Udemy-CompleteJuniorToSeniorWebDevelopment/Robofriends/robofriends-pwa/src/components/SearchBox.js": {"path":"/Users/gisetavares/Documents/Meus_Estudos/Udemy-CompleteJuniorToSeniorWebDevelopment/Robofriends/robofriends-pwa/src/components/SearchBox.js","statementMap":{"0":{"start":{"line":3,"column":18},"end":{"line":16,"column":1}},"1":{"start":{"line":4,"column":2},"end":{"line":4,"column":27}},"2":{"start":{"line":5,"column":2},"end":{"line":15,"column":4}}},"fnMap":{"0":{"name":"(anonymous_0)","decl":{"start":{"line":3,"column":18},"end":{"line":3,"column":19}},"loc":{"start":{"line":3,"column":53},"end":{"line":16,"column":1}},"line":3}},"branchMap":{},"s":{"0":0,"1":0,"2":0},"f":{"0":0},"b":{},"hash":"9c4cd6bfc284b755adc18ee11bda5658a527f27e"}
,"/Users/gisetavares/Documents/Meus_Estudos/Udemy-CompleteJuniorToSeniorWebDevelopment/Robofriends/robofriends-pwa/src/containers/App.js": {"path":"/Users/gisetavares/Documents/Meus_Estudos/Udemy-CompleteJuniorToSeniorWebDevelopment/Robofriends/robofriends-pwa/src/containers/App.js","statementMap":{"0":{"start":{"line":13,"column":24},"end":{"line":19,"column":1}},"1":{"start":{"line":14,"column":2},"end":{"line":18,"column":3}},"2":{"start":{"line":21,"column":27},"end":{"line":26,"column":1}},"3":{"start":{"line":22,"column":2},"end":{"line":25,"column":3}},"4":{"start":{"line":23,"column":31},"end":{"line":23,"column":75}},"5":{"start":{"line":24,"column":27},"end":{"line":24,"column":50}},"6":{"start":{"line":30,"column":4},"end":{"line":30,"column":11}},"7":{"start":{"line":31,"column":4},"end":{"line":33,"column":5}},"8":{"start":{"line":36,"column":4},"end":{"line":36,"column":33}},"9":{"start":{"line":40,"column":63},"end":{"line":40,"column":73}},"10":{"start":{"line":41,"column":27},"end":{"line":43,"column":6}},"11":{"start":{"line":42,"column":6},"end":{"line":42,"column":74}},"12":{"start":{"line":44,"column":4},"end":{"line":56,"column":6}}},"fnMap":{"0":{"name":"(anonymous_0)","decl":{"start":{"line":13,"column":24},"end":{"line":13,"column":25}},"loc":{"start":{"line":13,"column":35},"end":{"line":19,"column":1}},"line":13},"1":{"name":"(anonymous_1)","decl":{"start":{"line":21,"column":27},"end":{"line":21,"column":28}},"loc":{"start":{"line":21,"column":41},"end":{"line":26,"column":1}},"line":21},"2":{"name":"(anonymous_2)","decl":{"start":{"line":23,"column":20},"end":{"line":23,"column":21}},"loc":{"start":{"line":23,"column":31},"end":{"line":23,"column":75}},"line":23},"3":{"name":"(anonymous_3)","decl":{"start":{"line":24,"column":21},"end":{"line":24,"column":22}},"loc":{"start":{"line":24,"column":27},"end":{"line":24,"column":50}},"line":24},"4":{"name":"(anonymous_4)","decl":{"start":{"line":29,"column":2},"end":{"line":29,"column":3}},"loc":{"start":{"line":29,"column":16},"end":{"line":34,"column":3}},"line":29},"5":{"name":"(anonymous_5)","decl":{"start":{"line":35,"column":2},"end":{"line":35,"column":3}},"loc":{"start":{"line":35,"column":22},"end":{"line":37,"column":3}},"line":35},"6":{"name":"(anonymous_6)","decl":{"start":{"line":39,"column":2},"end":{"line":39,"column":3}},"loc":{"start":{"line":39,"column":11},"end":{"line":57,"column":3}},"line":39},"7":{"name":"(anonymous_7)","decl":{"start":{"line":41,"column":41},"end":{"line":41,"column":42}},"loc":{"start":{"line":41,"column":50},"end":{"line":43,"column":5}},"line":41}},"branchMap":{"0":{"loc":{"start":{"line":49,"column":12},"end":{"line":52,"column":27}},"type":"cond-expr","locations":[{"start":{"line":49,"column":24},"end":{"line":49,"column":40}},{"start":{"line":50,"column":12},"end":{"line":52,"column":27}}],"line":49}},"s":{"0":0,"1":0,"2":0,"3":0,"4":0,"5":0,"6":0,"7":0,"8":0,"9":0,"10":0,"11":0,"12":0},"f":{"0":0,"1":0,"2":0,"3":0,"4":0,"5":0,"6":0,"7":0},"b":{"0":[0,0]},"hash":"0a61caf269492fa7102585d9e899561c7aba4c55"}
}
